[11-Sep-2019 15:01:25 UTC] PHP Warning:  count(): Parameter must be an array or an object that implements Countable in /home/thepsgmz/public_html/wp-content/themes/newsmagbd/inc/theme_function.php on line 94
[11-Sep-2019 15:05:03 UTC] PHP Warning:  count(): Parameter must be an array or an object that implements Countable in /home/thepsgmz/public_html/wp-content/themes/newsmagbd/inc/theme_function.php on line 94
[11-Sep-2019 15:05:14 UTC] PHP Warning:  count(): Parameter must be an array or an object that implements Countable in /home/thepsgmz/public_html/wp-content/themes/newsmagbd/inc/theme_function.php on line 94
[11-Sep-2019 15:11:17 UTC] PHP Warning:  count(): Parameter must be an array or an object that implements Countable in /home/thepsgmz/public_html/wp-content/themes/newsmagbd/inc/theme_function.php on line 94
[11-Sep-2019 15:11:39 UTC] PHP Warning:  count(): Parameter must be an array or an object that implements Countable in /home/thepsgmz/public_html/wp-content/themes/newsmagbd/inc/theme_function.php on line 94
[11-Sep-2019 15:11:41 UTC] PHP Warning:  count(): Parameter must be an array or an object that implements Countable in /home/thepsgmz/public_html/wp-content/themes/newsmagbd/inc/theme_function.php on line 94
[11-Sep-2019 15:15:21 UTC] PHP Warning:  count(): Parameter must be an array or an object that implements Countable in /home/thepsgmz/public_html/wp-content/themes/newsmagbd/inc/theme_function.php on line 94
[11-Sep-2019 15:21:44 UTC] PHP Warning:  count(): Parameter must be an array or an object that implements Countable in /home/thepsgmz/public_html/wp-content/themes/newsmagbd/inc/theme_function.php on line 94
[11-Sep-2019 15:33:22 UTC] PHP Warning:  count(): Parameter must be an array or an object that implements Countable in /home/thepsgmz/public_html/wp-content/themes/newsmagbd/inc/theme_function.php on line 94
[11-Sep-2019 15:33:23 UTC] PHP Warning:  count(): Parameter must be an array or an object that implements Countable in /home/thepsgmz/public_html/wp-content/themes/newsmagbd/inc/theme_function.php on line 94
[11-Sep-2019 15:36:50 UTC] PHP Warning:  count(): Parameter must be an array or an object that implements Countable in /home/thepsgmz/public_html/wp-content/themes/newsmagbd/inc/theme_function.php on line 94
[11-Sep-2019 15:52:42 UTC] PHP Warning:  count(): Parameter must be an array or an object that implements Countable in /home/thepsgmz/public_html/wp-content/themes/newsmagbd/inc/theme_function.php on line 94
[11-Sep-2019 15:52:44 UTC] PHP Warning:  count(): Parameter must be an array or an object that implements Countable in /home/thepsgmz/public_html/wp-content/themes/newsmagbd/inc/theme_function.php on line 94
[11-Sep-2019 15:54:29 UTC] PHP Warning:  count(): Parameter must be an array or an object that implements Countable in /home/thepsgmz/public_html/wp-content/themes/newsmagbd/inc/theme_function.php on line 94
[11-Sep-2019 15:54:31 UTC] PHP Warning:  count(): Parameter must be an array or an object that implements Countable in /home/thepsgmz/public_html/wp-content/themes/newsmagbd/inc/theme_function.php on line 94
[11-Sep-2019 15:55:38 UTC] PHP Warning:  count(): Parameter must be an array or an object that implements Countable in /home/thepsgmz/public_html/wp-content/themes/newsmagbd/inc/theme_function.php on line 94
[11-Sep-2019 15:57:52 UTC] PHP Warning:  count(): Parameter must be an array or an object that implements Countable in /home/thepsgmz/public_html/wp-content/themes/newsmagbd/inc/theme_function.php on line 94
[11-Sep-2019 15:58:42 UTC] PHP Warning:  count(): Parameter must be an array or an object that implements Countable in /home/thepsgmz/public_html/wp-content/themes/newsmagbd/inc/theme_function.php on line 94
[11-Sep-2019 15:58:49 UTC] PHP Warning:  count(): Parameter must be an array or an object that implements Countable in /home/thepsgmz/public_html/wp-content/themes/newsmagbd/inc/theme_function.php on line 94
[11-Sep-2019 15:59:15 UTC] PHP Warning:  count(): Parameter must be an array or an object that implements Countable in /home/thepsgmz/public_html/wp-content/themes/newsmagbd/inc/theme_function.php on line 94
[11-Sep-2019 15:59:16 UTC] PHP Warning:  count(): Parameter must be an array or an object that implements Countable in /home/thepsgmz/public_html/wp-content/themes/newsmagbd/inc/theme_function.php on line 94
[11-Sep-2019 16:03:20 UTC] PHP Warning:  count(): Parameter must be an array or an object that implements Countable in /home/thepsgmz/public_html/wp-content/themes/newsmagbd/inc/theme_function.php on line 94
[11-Sep-2019 16:04:02 UTC] PHP Warning:  count(): Parameter must be an array or an object that implements Countable in /home/thepsgmz/public_html/wp-content/themes/newsmagbd/inc/theme_function.php on line 94
[11-Sep-2019 16:14:29 UTC] PHP Warning:  count(): Parameter must be an array or an object that implements Countable in /home/thepsgmz/public_html/wp-content/themes/newsmagbd/inc/theme_function.php on line 94
[11-Sep-2019 16:14:50 UTC] PHP Warning:  count(): Parameter must be an array or an object that implements Countable in /home/thepsgmz/public_html/wp-content/themes/newsmagbd/inc/theme_function.php on line 94
[11-Sep-2019 16:15:21 UTC] PHP Warning:  count(): Parameter must be an array or an object that implements Countable in /home/thepsgmz/public_html/wp-content/themes/newsmagbd/inc/theme_function.php on line 94
[11-Sep-2019 16:15:59 UTC] PHP Warning:  count(): Parameter must be an array or an object that implements Countable in /home/thepsgmz/public_html/wp-content/themes/newsmagbd/inc/theme_function.php on line 94
[11-Sep-2019 16:21:02 UTC] PHP Warning:  count(): Parameter must be an array or an object that implements Countable in /home/thepsgmz/public_html/wp-content/themes/newsmagbd/inc/theme_function.php on line 94
[11-Sep-2019 16:21:41 UTC] PHP Warning:  count(): Parameter must be an array or an object that implements Countable in /home/thepsgmz/public_html/wp-content/themes/newsmagbd/inc/theme_function.php on line 94
[11-Sep-2019 16:22:37 UTC] PHP Warning:  count(): Parameter must be an array or an object that implements Countable in /home/thepsgmz/public_html/wp-content/themes/newsmagbd/inc/theme_function.php on line 94
[11-Sep-2019 16:23:24 UTC] PHP Warning:  count(): Parameter must be an array or an object that implements Countable in /home/thepsgmz/public_html/wp-content/themes/newsmagbd/inc/theme_function.php on line 94
[11-Sep-2019 16:25:02 UTC] PHP Warning:  count(): Parameter must be an array or an object that implements Countable in /home/thepsgmz/public_html/wp-content/themes/newsmagbd/inc/theme_function.php on line 94
[11-Sep-2019 16:26:11 UTC] PHP Warning:  count(): Parameter must be an array or an object that implements Countable in /home/thepsgmz/public_html/wp-content/themes/newsmagbd/inc/theme_function.php on line 94
[11-Sep-2019 16:26:45 UTC] PHP Warning:  count(): Parameter must be an array or an object that implements Countable in /home/thepsgmz/public_html/wp-content/themes/newsmagbd/inc/theme_function.php on line 94
[11-Sep-2019 16:26:52 UTC] PHP Warning:  count(): Parameter must be an array or an object that implements Countable in /home/thepsgmz/public_html/wp-content/themes/newsmagbd/inc/theme_function.php on line 94
[11-Sep-2019 16:34:08 UTC] PHP Warning:  count(): Parameter must be an array or an object that implements Countable in /home/thepsgmz/public_html/wp-content/themes/newsmagbd/inc/theme_function.php on line 94
[11-Sep-2019 16:35:59 UTC] PHP Warning:  count(): Parameter must be an array or an object that implements Countable in /home/thepsgmz/public_html/wp-content/themes/newsmagbd/inc/theme_function.php on line 94
[11-Sep-2019 16:36:05 UTC] PHP Warning:  count(): Parameter must be an array or an object that implements Countable in /home/thepsgmz/public_html/wp-content/themes/newsmagbd/inc/theme_function.php on line 94
[11-Sep-2019 16:38:12 UTC] PHP Warning:  count(): Parameter must be an array or an object that implements Countable in /home/thepsgmz/public_html/wp-content/themes/newsmagbd/inc/theme_function.php on line 94
[11-Sep-2019 16:38:39 UTC] PHP Warning:  count(): Parameter must be an array or an object that implements Countable in /home/thepsgmz/public_html/wp-content/themes/newsmagbd/inc/theme_function.php on line 94
[11-Sep-2019 16:50:24 UTC] PHP Warning:  count(): Parameter must be an array or an object that implements Countable in /home/thepsgmz/public_html/wp-content/themes/newsmagbd/inc/theme_function.php on line 94
[11-Sep-2019 16:51:46 UTC] PHP Warning:  count(): Parameter must be an array or an object that implements Countable in /home/thepsgmz/public_html/wp-content/themes/newsmagbd/inc/theme_function.php on line 94
[11-Sep-2019 16:57:44 UTC] PHP Warning:  count(): Parameter must be an array or an object that implements Countable in /home/thepsgmz/public_html/wp-content/themes/newsmagbd/inc/theme_function.php on line 94
[11-Sep-2019 16:59:16 UTC] PHP Warning:  count(): Parameter must be an array or an object that implements Countable in /home/thepsgmz/public_html/wp-content/themes/newsmagbd/inc/theme_function.php on line 94
[11-Sep-2019 16:59:19 UTC] PHP Warning:  count(): Parameter must be an array or an object that implements Countable in /home/thepsgmz/public_html/wp-content/themes/newsmagbd/inc/theme_function.php on line 94
[11-Sep-2019 16:59:22 UTC] PHP Warning:  count(): Parameter must be an array or an object that implements Countable in /home/thepsgmz/public_html/wp-content/themes/newsmagbd/inc/theme_function.php on line 94
[11-Sep-2019 16:59:47 UTC] PHP Warning:  count(): Parameter must be an array or an object that implements Countable in /home/thepsgmz/public_html/wp-content/themes/newsmagbd/inc/theme_function.php on line 94
[11-Sep-2019 16:59:50 UTC] PHP Warning:  count(): Parameter must be an array or an object that implements Countable in /home/thepsgmz/public_html/wp-content/themes/newsmagbd/inc/theme_function.php on line 94
[11-Sep-2019 17:00:19 UTC] PHP Warning:  count(): Parameter must be an array or an object that implements Countable in /home/thepsgmz/public_html/wp-content/themes/newsmagbd/inc/theme_function.php on line 94
[11-Sep-2019 17:00:23 UTC] PHP Warning:  count(): Parameter must be an array or an object that implements Countable in /home/thepsgmz/public_html/wp-content/themes/newsmagbd/inc/theme_function.php on line 94
[11-Sep-2019 17:00:59 UTC] PHP Warning:  count(): Parameter must be an array or an object that implements Countable in /home/thepsgmz/public_html/wp-content/themes/newsmagbd/inc/theme_function.php on line 94
[11-Sep-2019 17:01:03 UTC] PHP Warning:  count(): Parameter must be an array or an object that implements Countable in /home/thepsgmz/public_html/wp-content/themes/newsmagbd/inc/theme_function.php on line 94
[11-Sep-2019 17:01:49 UTC] PHP Warning:  count(): Parameter must be an array or an object that implements Countable in /home/thepsgmz/public_html/wp-content/themes/newsmagbd/inc/theme_function.php on line 94
[11-Sep-2019 17:02:06 UTC] PHP Warning:  count(): Parameter must be an array or an object that implements Countable in /home/thepsgmz/public_html/wp-content/themes/newsmagbd/inc/theme_function.php on line 94
[11-Sep-2019 17:02:52 UTC] PHP Warning:  count(): Parameter must be an array or an object that implements Countable in /home/thepsgmz/public_html/wp-content/themes/newsmagbd/inc/theme_function.php on line 94
[11-Sep-2019 17:03:49 UTC] PHP Warning:  count(): Parameter must be an array or an object that implements Countable in /home/thepsgmz/public_html/wp-content/themes/newsmagbd/inc/theme_function.php on line 94
[11-Sep-2019 17:05:43 UTC] PHP Warning:  count(): Parameter must be an array or an object that implements Countable in /home/thepsgmz/public_html/wp-content/themes/newsmagbd/inc/theme_function.php on line 94
[11-Sep-2019 17:06:39 UTC] PHP Warning:  count(): Parameter must be an array or an object that implements Countable in /home/thepsgmz/public_html/wp-content/themes/newsmagbd/inc/theme_function.php on line 94
[11-Sep-2019 17:09:51 UTC] PHP Warning:  count(): Parameter must be an array or an object that implements Countable in /home/thepsgmz/public_html/wp-content/themes/newsmagbd/inc/theme_function.php on line 94
[29-Sep-2019 02:00:28 UTC] PHP Parse error:  syntax error, unexpected end of file in /home/thepsgmz/public_html/wp-content/themes/cryptocurrency-exchange/single.php on line 81
[29-Sep-2019 02:00:32 UTC] PHP Parse error:  syntax error, unexpected end of file in /home/thepsgmz/public_html/wp-content/themes/cryptocurrency-exchange/single.php on line 81
[29-Sep-2019 02:00:34 UTC] PHP Parse error:  syntax error, unexpected end of file in /home/thepsgmz/public_html/wp-content/themes/cryptocurrency-exchange/single.php on line 81
[29-Sep-2019 02:00:46 UTC] PHP Parse error:  syntax error, unexpected end of file in /home/thepsgmz/public_html/wp-content/themes/cryptocurrency-exchange/single.php on line 81
[23-Jan-2020 00:06:33 UTC] PHP Warning:  urldecode() expects parameter 1 to be string, array given in /home/thepsgmz/public_html/wp-includes/class-wp-query.php on line 2197
[23-Jan-2020 00:06:33 UTC] PHP Warning:  preg_match() expects parameter 2 to be string, array given in /home/thepsgmz/public_html/wp-includes/canonical.php on line 217
[23-May-2020 19:59:14 UTC] PHP Parse error:  syntax error, unexpected '<', expecting end of file in /home/thepsgmz/public_html/wp-content/themes/cryptocurrency-exchange/single.php on line 10
[23-May-2020 19:59:18 UTC] PHP Parse error:  syntax error, unexpected '<', expecting end of file in /home/thepsgmz/public_html/wp-content/themes/cryptocurrency-exchange/single.php on line 10
[23-May-2020 19:59:21 UTC] PHP Parse error:  syntax error, unexpected '<', expecting end of file in /home/thepsgmz/public_html/wp-content/themes/cryptocurrency-exchange/single.php on line 10
[23-May-2020 20:00:09 UTC] PHP Parse error:  syntax error, unexpected '<', expecting end of file in /home/thepsgmz/public_html/wp-content/themes/cryptocurrency-exchange/single.php on line 10
[23-Aug-2020 07:09:32 UTC] PHP Fatal error:  Uncaught InvalidArgumentException: Method expects this value 
----[
bool(false)
]----
 to be one of the types 
====[
string(6) "STRING"
]==== in /home/thepsgmz/public_html/wp-content/plugins/fb-instant-articles/vendor/facebook/facebook-instant-articles-sdk-php/src/Facebook/InstantArticles/Validators/Type.php:183
Stack trace:
#0 /home/thepsgmz/public_html/wp-content/plugins/fb-instant-articles/vendor/facebook/facebook-instant-articles-sdk-php/src/Facebook/InstantArticles/Validators/Type.php(70): Facebook\InstantArticles\Validators\Type::throwException(false, 'STRING')
#1 /home/thepsgmz/public_html/wp-content/plugins/fb-instant-articles/vendor/facebook/facebook-instant-articles-sdk-php/src/Facebook/InstantArticles/Validators/Type.php(39): Facebook\InstantArticles\Validators\Type::is(false, 'STRING', true)
#2 /home/thepsgmz/public_html/wp-content/plugins/fb-instant-articles/vendor/facebook/facebook-instant-articles-sdk-php/src/Facebook/InstantArticles/Elements/InstantArticle.php(133): Facebook\InstantArticles\Va in /home/thepsgmz/public_html/wp-content/plugins/fb-instant-articles/vendor/facebook/facebook-instant-articles-sdk-php/src/Facebook/InstantArticles/Validators/Type.php on line 183
[23-Aug-2020 07:09:33 UTC] PHP Fatal error:  Uncaught InvalidArgumentException: Method expects this value 
----[
bool(false)
]----
 to be one of the types 
====[
string(6) "STRING"
]==== in /home/thepsgmz/public_html/wp-content/plugins/fb-instant-articles/vendor/facebook/facebook-instant-articles-sdk-php/src/Facebook/InstantArticles/Validators/Type.php:183
Stack trace:
#0 /home/thepsgmz/public_html/wp-content/plugins/fb-instant-articles/vendor/facebook/facebook-instant-articles-sdk-php/src/Facebook/InstantArticles/Validators/Type.php(70): Facebook\InstantArticles\Validators\Type::throwException(false, 'STRING')
#1 /home/thepsgmz/public_html/wp-content/plugins/fb-instant-articles/vendor/facebook/facebook-instant-articles-sdk-php/src/Facebook/InstantArticles/Validators/Type.php(39): Facebook\InstantArticles\Validators\Type::is(false, 'STRING', true)
#2 /home/thepsgmz/public_html/wp-content/plugins/fb-instant-articles/vendor/facebook/facebook-instant-articles-sdk-php/src/Facebook/InstantArticles/Elements/InstantArticle.php(133): Facebook\InstantArticles\Va in /home/thepsgmz/public_html/wp-content/plugins/fb-instant-articles/vendor/facebook/facebook-instant-articles-sdk-php/src/Facebook/InstantArticles/Validators/Type.php on line 183
[23-Aug-2020 07:09:34 UTC] PHP Fatal error:  Uncaught InvalidArgumentException: Method expects this value 
----[
bool(false)
]----
 to be one of the types 
====[
string(6) "STRING"
]==== in /home/thepsgmz/public_html/wp-content/plugins/fb-instant-articles/vendor/facebook/facebook-instant-articles-sdk-php/src/Facebook/InstantArticles/Validators/Type.php:183
Stack trace:
#0 /home/thepsgmz/public_html/wp-content/plugins/fb-instant-articles/vendor/facebook/facebook-instant-articles-sdk-php/src/Facebook/InstantArticles/Validators/Type.php(70): Facebook\InstantArticles\Validators\Type::throwException(false, 'STRING')
#1 /home/thepsgmz/public_html/wp-content/plugins/fb-instant-articles/vendor/facebook/facebook-instant-articles-sdk-php/src/Facebook/InstantArticles/Validators/Type.php(39): Facebook\InstantArticles\Validators\Type::is(false, 'STRING', true)
#2 /home/thepsgmz/public_html/wp-content/plugins/fb-instant-articles/vendor/facebook/facebook-instant-articles-sdk-php/src/Facebook/InstantArticles/Elements/InstantArticle.php(133): Facebook\InstantArticles\Va in /home/thepsgmz/public_html/wp-content/plugins/fb-instant-articles/vendor/facebook/facebook-instant-articles-sdk-php/src/Facebook/InstantArticles/Validators/Type.php on line 183
[23-Aug-2020 07:09:35 UTC] PHP Fatal error:  Uncaught InvalidArgumentException: Method expects this value 
----[
bool(false)
]----
 to be one of the types 
====[
string(6) "STRING"
]==== in /home/thepsgmz/public_html/wp-content/plugins/fb-instant-articles/vendor/facebook/facebook-instant-articles-sdk-php/src/Facebook/InstantArticles/Validators/Type.php:183
Stack trace:
#0 /home/thepsgmz/public_html/wp-content/plugins/fb-instant-articles/vendor/facebook/facebook-instant-articles-sdk-php/src/Facebook/InstantArticles/Validators/Type.php(70): Facebook\InstantArticles\Validators\Type::throwException(false, 'STRING')
#1 /home/thepsgmz/public_html/wp-content/plugins/fb-instant-articles/vendor/facebook/facebook-instant-articles-sdk-php/src/Facebook/InstantArticles/Validators/Type.php(39): Facebook\InstantArticles\Validators\Type::is(false, 'STRING', true)
#2 /home/thepsgmz/public_html/wp-content/plugins/fb-instant-articles/vendor/facebook/facebook-instant-articles-sdk-php/src/Facebook/InstantArticles/Elements/InstantArticle.php(133): Facebook\InstantArticles\Va in /home/thepsgmz/public_html/wp-content/plugins/fb-instant-articles/vendor/facebook/facebook-instant-articles-sdk-php/src/Facebook/InstantArticles/Validators/Type.php on line 183
[23-Aug-2020 07:09:37 UTC] PHP Fatal error:  Uncaught InvalidArgumentException: Method expects this value 
----[
bool(false)
]----
 to be one of the types 
====[
string(6) "STRING"
]==== in /home/thepsgmz/public_html/wp-content/plugins/fb-instant-articles/vendor/facebook/facebook-instant-articles-sdk-php/src/Facebook/InstantArticles/Validators/Type.php:183
Stack trace:
#0 /home/thepsgmz/public_html/wp-content/plugins/fb-instant-articles/vendor/facebook/facebook-instant-articles-sdk-php/src/Facebook/InstantArticles/Validators/Type.php(70): Facebook\InstantArticles\Validators\Type::throwException(false, 'STRING')
#1 /home/thepsgmz/public_html/wp-content/plugins/fb-instant-articles/vendor/facebook/facebook-instant-articles-sdk-php/src/Facebook/InstantArticles/Validators/Type.php(39): Facebook\InstantArticles\Validators\Type::is(false, 'STRING', true)
#2 /home/thepsgmz/public_html/wp-content/plugins/fb-instant-articles/vendor/facebook/facebook-instant-articles-sdk-php/src/Facebook/InstantArticles/Elements/InstantArticle.php(133): Facebook\InstantArticles\Va in /home/thepsgmz/public_html/wp-content/plugins/fb-instant-articles/vendor/facebook/facebook-instant-articles-sdk-php/src/Facebook/InstantArticles/Validators/Type.php on line 183
[23-Aug-2020 07:11:12 UTC] PHP Fatal error:  Uncaught InvalidArgumentException: Method expects this value 
----[
bool(false)
]----
 to be one of the types 
====[
string(6) "STRING"
]==== in /home/thepsgmz/public_html/wp-content/plugins/fb-instant-articles/vendor/facebook/facebook-instant-articles-sdk-php/src/Facebook/InstantArticles/Validators/Type.php:183
Stack trace:
#0 /home/thepsgmz/public_html/wp-content/plugins/fb-instant-articles/vendor/facebook/facebook-instant-articles-sdk-php/src/Facebook/InstantArticles/Validators/Type.php(70): Facebook\InstantArticles\Validators\Type::throwException(false, 'STRING')
#1 /home/thepsgmz/public_html/wp-content/plugins/fb-instant-articles/vendor/facebook/facebook-instant-articles-sdk-php/src/Facebook/InstantArticles/Validators/Type.php(39): Facebook\InstantArticles\Validators\Type::is(false, 'STRING', true)
#2 /home/thepsgmz/public_html/wp-content/plugins/fb-instant-articles/vendor/facebook/facebook-instant-articles-sdk-php/src/Facebook/InstantArticles/Elements/InstantArticle.php(133): Facebook\InstantArticles\Va in /home/thepsgmz/public_html/wp-content/plugins/fb-instant-articles/vendor/facebook/facebook-instant-articles-sdk-php/src/Facebook/InstantArticles/Validators/Type.php on line 183
[23-Aug-2020 07:11:13 UTC] PHP Fatal error:  Uncaught InvalidArgumentException: Method expects this value 
----[
bool(false)
]----
 to be one of the types 
====[
string(6) "STRING"
]==== in /home/thepsgmz/public_html/wp-content/plugins/fb-instant-articles/vendor/facebook/facebook-instant-articles-sdk-php/src/Facebook/InstantArticles/Validators/Type.php:183
Stack trace:
#0 /home/thepsgmz/public_html/wp-content/plugins/fb-instant-articles/vendor/facebook/facebook-instant-articles-sdk-php/src/Facebook/InstantArticles/Validators/Type.php(70): Facebook\InstantArticles\Validators\Type::throwException(false, 'STRING')
#1 /home/thepsgmz/public_html/wp-content/plugins/fb-instant-articles/vendor/facebook/facebook-instant-articles-sdk-php/src/Facebook/InstantArticles/Validators/Type.php(39): Facebook\InstantArticles\Validators\Type::is(false, 'STRING', true)
#2 /home/thepsgmz/public_html/wp-content/plugins/fb-instant-articles/vendor/facebook/facebook-instant-articles-sdk-php/src/Facebook/InstantArticles/Elements/InstantArticle.php(133): Facebook\InstantArticles\Va in /home/thepsgmz/public_html/wp-content/plugins/fb-instant-articles/vendor/facebook/facebook-instant-articles-sdk-php/src/Facebook/InstantArticles/Validators/Type.php on line 183
[23-Aug-2020 07:11:14 UTC] PHP Fatal error:  Uncaught InvalidArgumentException: Method expects this value 
----[
bool(false)
]----
 to be one of the types 
====[
string(6) "STRING"
]==== in /home/thepsgmz/public_html/wp-content/plugins/fb-instant-articles/vendor/facebook/facebook-instant-articles-sdk-php/src/Facebook/InstantArticles/Validators/Type.php:183
Stack trace:
#0 /home/thepsgmz/public_html/wp-content/plugins/fb-instant-articles/vendor/facebook/facebook-instant-articles-sdk-php/src/Facebook/InstantArticles/Validators/Type.php(70): Facebook\InstantArticles\Validators\Type::throwException(false, 'STRING')
#1 /home/thepsgmz/public_html/wp-content/plugins/fb-instant-articles/vendor/facebook/facebook-instant-articles-sdk-php/src/Facebook/InstantArticles/Validators/Type.php(39): Facebook\InstantArticles\Validators\Type::is(false, 'STRING', true)
#2 /home/thepsgmz/public_html/wp-content/plugins/fb-instant-articles/vendor/facebook/facebook-instant-articles-sdk-php/src/Facebook/InstantArticles/Elements/InstantArticle.php(133): Facebook\InstantArticles\Va in /home/thepsgmz/public_html/wp-content/plugins/fb-instant-articles/vendor/facebook/facebook-instant-articles-sdk-php/src/Facebook/InstantArticles/Validators/Type.php on line 183
[23-Aug-2020 07:11:21 UTC] PHP Fatal error:  Uncaught InvalidArgumentException: Method expects this value 
----[
bool(false)
]----
 to be one of the types 
====[
string(6) "STRING"
]==== in /home/thepsgmz/public_html/wp-content/plugins/fb-instant-articles/vendor/facebook/facebook-instant-articles-sdk-php/src/Facebook/InstantArticles/Validators/Type.php:183
Stack trace:
#0 /home/thepsgmz/public_html/wp-content/plugins/fb-instant-articles/vendor/facebook/facebook-instant-articles-sdk-php/src/Facebook/InstantArticles/Validators/Type.php(70): Facebook\InstantArticles\Validators\Type::throwException(false, 'STRING')
#1 /home/thepsgmz/public_html/wp-content/plugins/fb-instant-articles/vendor/facebook/facebook-instant-articles-sdk-php/src/Facebook/InstantArticles/Validators/Type.php(39): Facebook\InstantArticles\Validators\Type::is(false, 'STRING', true)
#2 /home/thepsgmz/public_html/wp-content/plugins/fb-instant-articles/vendor/facebook/facebook-instant-articles-sdk-php/src/Facebook/InstantArticles/Elements/InstantArticle.php(133): Facebook\InstantArticles\Va in /home/thepsgmz/public_html/wp-content/plugins/fb-instant-articles/vendor/facebook/facebook-instant-articles-sdk-php/src/Facebook/InstantArticles/Validators/Type.php on line 183
[23-Aug-2020 07:11:21 UTC] PHP Fatal error:  Uncaught InvalidArgumentException: Method expects this value 
----[
bool(false)
]----
 to be one of the types 
====[
string(6) "STRING"
]==== in /home/thepsgmz/public_html/wp-content/plugins/fb-instant-articles/vendor/facebook/facebook-instant-articles-sdk-php/src/Facebook/InstantArticles/Validators/Type.php:183
Stack trace:
#0 /home/thepsgmz/public_html/wp-content/plugins/fb-instant-articles/vendor/facebook/facebook-instant-articles-sdk-php/src/Facebook/InstantArticles/Validators/Type.php(70): Facebook\InstantArticles\Validators\Type::throwException(false, 'STRING')
#1 /home/thepsgmz/public_html/wp-content/plugins/fb-instant-articles/vendor/facebook/facebook-instant-articles-sdk-php/src/Facebook/InstantArticles/Validators/Type.php(39): Facebook\InstantArticles\Validators\Type::is(false, 'STRING', true)
#2 /home/thepsgmz/public_html/wp-content/plugins/fb-instant-articles/vendor/facebook/facebook-instant-articles-sdk-php/src/Facebook/InstantArticles/Elements/InstantArticle.php(133): Facebook\InstantArticles\Va in /home/thepsgmz/public_html/wp-content/plugins/fb-instant-articles/vendor/facebook/facebook-instant-articles-sdk-php/src/Facebook/InstantArticles/Validators/Type.php on line 183
[23-Aug-2020 07:11:22 UTC] PHP Fatal error:  Uncaught InvalidArgumentException: Method expects this value 
----[
bool(false)
]----
 to be one of the types 
====[
string(6) "STRING"
]==== in /home/thepsgmz/public_html/wp-content/plugins/fb-instant-articles/vendor/facebook/facebook-instant-articles-sdk-php/src/Facebook/InstantArticles/Validators/Type.php:183
Stack trace:
#0 /home/thepsgmz/public_html/wp-content/plugins/fb-instant-articles/vendor/facebook/facebook-instant-articles-sdk-php/src/Facebook/InstantArticles/Validators/Type.php(70): Facebook\InstantArticles\Validators\Type::throwException(false, 'STRING')
#1 /home/thepsgmz/public_html/wp-content/plugins/fb-instant-articles/vendor/facebook/facebook-instant-articles-sdk-php/src/Facebook/InstantArticles/Validators/Type.php(39): Facebook\InstantArticles\Validators\Type::is(false, 'STRING', true)
#2 /home/thepsgmz/public_html/wp-content/plugins/fb-instant-articles/vendor/facebook/facebook-instant-articles-sdk-php/src/Facebook/InstantArticles/Elements/InstantArticle.php(133): Facebook\InstantArticles\Va in /home/thepsgmz/public_html/wp-content/plugins/fb-instant-articles/vendor/facebook/facebook-instant-articles-sdk-php/src/Facebook/InstantArticles/Validators/Type.php on line 183
[23-Aug-2020 07:11:24 UTC] PHP Fatal error:  Uncaught InvalidArgumentException: Method expects this value 
----[
bool(false)
]----
 to be one of the types 
====[
string(6) "STRING"
]==== in /home/thepsgmz/public_html/wp-content/plugins/fb-instant-articles/vendor/facebook/facebook-instant-articles-sdk-php/src/Facebook/InstantArticles/Validators/Type.php:183
Stack trace:
#0 /home/thepsgmz/public_html/wp-content/plugins/fb-instant-articles/vendor/facebook/facebook-instant-articles-sdk-php/src/Facebook/InstantArticles/Validators/Type.php(70): Facebook\InstantArticles\Validators\Type::throwException(false, 'STRING')
#1 /home/thepsgmz/public_html/wp-content/plugins/fb-instant-articles/vendor/facebook/facebook-instant-articles-sdk-php/src/Facebook/InstantArticles/Validators/Type.php(39): Facebook\InstantArticles\Validators\Type::is(false, 'STRING', true)
#2 /home/thepsgmz/public_html/wp-content/plugins/fb-instant-articles/vendor/facebook/facebook-instant-articles-sdk-php/src/Facebook/InstantArticles/Elements/InstantArticle.php(133): Facebook\InstantArticles\Va in /home/thepsgmz/public_html/wp-content/plugins/fb-instant-articles/vendor/facebook/facebook-instant-articles-sdk-php/src/Facebook/InstantArticles/Validators/Type.php on line 183
[23-Aug-2020 07:11:25 UTC] PHP Fatal error:  Uncaught InvalidArgumentException: Method expects this value 
----[
bool(false)
]----
 to be one of the types 
====[
string(6) "STRING"
]==== in /home/thepsgmz/public_html/wp-content/plugins/fb-instant-articles/vendor/facebook/facebook-instant-articles-sdk-php/src/Facebook/InstantArticles/Validators/Type.php:183
Stack trace:
#0 /home/thepsgmz/public_html/wp-content/plugins/fb-instant-articles/vendor/facebook/facebook-instant-articles-sdk-php/src/Facebook/InstantArticles/Validators/Type.php(70): Facebook\InstantArticles\Validators\Type::throwException(false, 'STRING')
#1 /home/thepsgmz/public_html/wp-content/plugins/fb-instant-articles/vendor/facebook/facebook-instant-articles-sdk-php/src/Facebook/InstantArticles/Validators/Type.php(39): Facebook\InstantArticles\Validators\Type::is(false, 'STRING', true)
#2 /home/thepsgmz/public_html/wp-content/plugins/fb-instant-articles/vendor/facebook/facebook-instant-articles-sdk-php/src/Facebook/InstantArticles/Elements/InstantArticle.php(133): Facebook\InstantArticles\Va in /home/thepsgmz/public_html/wp-content/plugins/fb-instant-articles/vendor/facebook/facebook-instant-articles-sdk-php/src/Facebook/InstantArticles/Validators/Type.php on line 183
[23-Aug-2020 07:11:26 UTC] PHP Fatal error:  Uncaught InvalidArgumentException: Method expects this value 
----[
bool(false)
]----
 to be one of the types 
====[
string(6) "STRING"
]==== in /home/thepsgmz/public_html/wp-content/plugins/fb-instant-articles/vendor/facebook/facebook-instant-articles-sdk-php/src/Facebook/InstantArticles/Validators/Type.php:183
Stack trace:
#0 /home/thepsgmz/public_html/wp-content/plugins/fb-instant-articles/vendor/facebook/facebook-instant-articles-sdk-php/src/Facebook/InstantArticles/Validators/Type.php(70): Facebook\InstantArticles\Validators\Type::throwException(false, 'STRING')
#1 /home/thepsgmz/public_html/wp-content/plugins/fb-instant-articles/vendor/facebook/facebook-instant-articles-sdk-php/src/Facebook/InstantArticles/Validators/Type.php(39): Facebook\InstantArticles\Validators\Type::is(false, 'STRING', true)
#2 /home/thepsgmz/public_html/wp-content/plugins/fb-instant-articles/vendor/facebook/facebook-instant-articles-sdk-php/src/Facebook/InstantArticles/Elements/InstantArticle.php(133): Facebook\InstantArticles\Va in /home/thepsgmz/public_html/wp-content/plugins/fb-instant-articles/vendor/facebook/facebook-instant-articles-sdk-php/src/Facebook/InstantArticles/Validators/Type.php on line 183
[23-Aug-2020 07:11:28 UTC] PHP Fatal error:  Uncaught InvalidArgumentException: Method expects this value 
----[
bool(false)
]----
 to be one of the types 
====[
string(6) "STRING"
]==== in /home/thepsgmz/public_html/wp-content/plugins/fb-instant-articles/vendor/facebook/facebook-instant-articles-sdk-php/src/Facebook/InstantArticles/Validators/Type.php:183
Stack trace:
#0 /home/thepsgmz/public_html/wp-content/plugins/fb-instant-articles/vendor/facebook/facebook-instant-articles-sdk-php/src/Facebook/InstantArticles/Validators/Type.php(70): Facebook\InstantArticles\Validators\Type::throwException(false, 'STRING')
#1 /home/thepsgmz/public_html/wp-content/plugins/fb-instant-articles/vendor/facebook/facebook-instant-articles-sdk-php/src/Facebook/InstantArticles/Validators/Type.php(39): Facebook\InstantArticles\Validators\Type::is(false, 'STRING', true)
#2 /home/thepsgmz/public_html/wp-content/plugins/fb-instant-articles/vendor/facebook/facebook-instant-articles-sdk-php/src/Facebook/InstantArticles/Elements/InstantArticle.php(133): Facebook\InstantArticles\Va in /home/thepsgmz/public_html/wp-content/plugins/fb-instant-articles/vendor/facebook/facebook-instant-articles-sdk-php/src/Facebook/InstantArticles/Validators/Type.php on line 183
[23-Aug-2020 07:11:29 UTC] PHP Fatal error:  Uncaught InvalidArgumentException: Method expects this value 
----[
bool(false)
]----
 to be one of the types 
====[
string(6) "STRING"
]==== in /home/thepsgmz/public_html/wp-content/plugins/fb-instant-articles/vendor/facebook/facebook-instant-articles-sdk-php/src/Facebook/InstantArticles/Validators/Type.php:183
Stack trace:
#0 /home/thepsgmz/public_html/wp-content/plugins/fb-instant-articles/vendor/facebook/facebook-instant-articles-sdk-php/src/Facebook/InstantArticles/Validators/Type.php(70): Facebook\InstantArticles\Validators\Type::throwException(false, 'STRING')
#1 /home/thepsgmz/public_html/wp-content/plugins/fb-instant-articles/vendor/facebook/facebook-instant-articles-sdk-php/src/Facebook/InstantArticles/Validators/Type.php(39): Facebook\InstantArticles\Validators\Type::is(false, 'STRING', true)
#2 /home/thepsgmz/public_html/wp-content/plugins/fb-instant-articles/vendor/facebook/facebook-instant-articles-sdk-php/src/Facebook/InstantArticles/Elements/InstantArticle.php(133): Facebook\InstantArticles\Va in /home/thepsgmz/public_html/wp-content/plugins/fb-instant-articles/vendor/facebook/facebook-instant-articles-sdk-php/src/Facebook/InstantArticles/Validators/Type.php on line 183
[23-Aug-2020 07:11:30 UTC] PHP Fatal error:  Uncaught InvalidArgumentException: Method expects this value 
----[
bool(false)
]----
 to be one of the types 
====[
string(6) "STRING"
]==== in /home/thepsgmz/public_html/wp-content/plugins/fb-instant-articles/vendor/facebook/facebook-instant-articles-sdk-php/src/Facebook/InstantArticles/Validators/Type.php:183
Stack trace:
#0 /home/thepsgmz/public_html/wp-content/plugins/fb-instant-articles/vendor/facebook/facebook-instant-articles-sdk-php/src/Facebook/InstantArticles/Validators/Type.php(70): Facebook\InstantArticles\Validators\Type::throwException(false, 'STRING')
#1 /home/thepsgmz/public_html/wp-content/plugins/fb-instant-articles/vendor/facebook/facebook-instant-articles-sdk-php/src/Facebook/InstantArticles/Validators/Type.php(39): Facebook\InstantArticles\Validators\Type::is(false, 'STRING', true)
#2 /home/thepsgmz/public_html/wp-content/plugins/fb-instant-articles/vendor/facebook/facebook-instant-articles-sdk-php/src/Facebook/InstantArticles/Elements/InstantArticle.php(133): Facebook\InstantArticles\Va in /home/thepsgmz/public_html/wp-content/plugins/fb-instant-articles/vendor/facebook/facebook-instant-articles-sdk-php/src/Facebook/InstantArticles/Validators/Type.php on line 183
[23-Aug-2020 07:11:32 UTC] PHP Fatal error:  Uncaught InvalidArgumentException: Method expects this value 
----[
bool(false)
]----
 to be one of the types 
====[
string(6) "STRING"
]==== in /home/thepsgmz/public_html/wp-content/plugins/fb-instant-articles/vendor/facebook/facebook-instant-articles-sdk-php/src/Facebook/InstantArticles/Validators/Type.php:183
Stack trace:
#0 /home/thepsgmz/public_html/wp-content/plugins/fb-instant-articles/vendor/facebook/facebook-instant-articles-sdk-php/src/Facebook/InstantArticles/Validators/Type.php(70): Facebook\InstantArticles\Validators\Type::throwException(false, 'STRING')
#1 /home/thepsgmz/public_html/wp-content/plugins/fb-instant-articles/vendor/facebook/facebook-instant-articles-sdk-php/src/Facebook/InstantArticles/Validators/Type.php(39): Facebook\InstantArticles\Validators\Type::is(false, 'STRING', true)
#2 /home/thepsgmz/public_html/wp-content/plugins/fb-instant-articles/vendor/facebook/facebook-instant-articles-sdk-php/src/Facebook/InstantArticles/Elements/InstantArticle.php(133): Facebook\InstantArticles\Va in /home/thepsgmz/public_html/wp-content/plugins/fb-instant-articles/vendor/facebook/facebook-instant-articles-sdk-php/src/Facebook/InstantArticles/Validators/Type.php on line 183
[23-Aug-2020 07:11:32 UTC] PHP Fatal error:  Uncaught InvalidArgumentException: Method expects this value 
----[
bool(false)
]----
 to be one of the types 
====[
string(6) "STRING"
]==== in /home/thepsgmz/public_html/wp-content/plugins/fb-instant-articles/vendor/facebook/facebook-instant-articles-sdk-php/src/Facebook/InstantArticles/Validators/Type.php:183
Stack trace:
#0 /home/thepsgmz/public_html/wp-content/plugins/fb-instant-articles/vendor/facebook/facebook-instant-articles-sdk-php/src/Facebook/InstantArticles/Validators/Type.php(70): Facebook\InstantArticles\Validators\Type::throwException(false, 'STRING')
#1 /home/thepsgmz/public_html/wp-content/plugins/fb-instant-articles/vendor/facebook/facebook-instant-articles-sdk-php/src/Facebook/InstantArticles/Validators/Type.php(39): Facebook\InstantArticles\Validators\Type::is(false, 'STRING', true)
#2 /home/thepsgmz/public_html/wp-content/plugins/fb-instant-articles/vendor/facebook/facebook-instant-articles-sdk-php/src/Facebook/InstantArticles/Elements/InstantArticle.php(133): Facebook\InstantArticles\Va in /home/thepsgmz/public_html/wp-content/plugins/fb-instant-articles/vendor/facebook/facebook-instant-articles-sdk-php/src/Facebook/InstantArticles/Validators/Type.php on line 183
[23-Aug-2020 07:11:33 UTC] PHP Fatal error:  Uncaught InvalidArgumentException: Method expects this value 
----[
bool(false)
]----
 to be one of the types 
====[
string(6) "STRING"
]==== in /home/thepsgmz/public_html/wp-content/plugins/fb-instant-articles/vendor/facebook/facebook-instant-articles-sdk-php/src/Facebook/InstantArticles/Validators/Type.php:183
Stack trace:
#0 /home/thepsgmz/public_html/wp-content/plugins/fb-instant-articles/vendor/facebook/facebook-instant-articles-sdk-php/src/Facebook/InstantArticles/Validators/Type.php(70): Facebook\InstantArticles\Validators\Type::throwException(false, 'STRING')
#1 /home/thepsgmz/public_html/wp-content/plugins/fb-instant-articles/vendor/facebook/facebook-instant-articles-sdk-php/src/Facebook/InstantArticles/Validators/Type.php(39): Facebook\InstantArticles\Validators\Type::is(false, 'STRING', true)
#2 /home/thepsgmz/public_html/wp-content/plugins/fb-instant-articles/vendor/facebook/facebook-instant-articles-sdk-php/src/Facebook/InstantArticles/Elements/InstantArticle.php(133): Facebook\InstantArticles\Va in /home/thepsgmz/public_html/wp-content/plugins/fb-instant-articles/vendor/facebook/facebook-instant-articles-sdk-php/src/Facebook/InstantArticles/Validators/Type.php on line 183
[23-Aug-2020 07:11:33 UTC] PHP Fatal error:  Uncaught InvalidArgumentException: Method expects this value 
----[
bool(false)
]----
 to be one of the types 
====[
string(6) "STRING"
]==== in /home/thepsgmz/public_html/wp-content/plugins/fb-instant-articles/vendor/facebook/facebook-instant-articles-sdk-php/src/Facebook/InstantArticles/Validators/Type.php:183
Stack trace:
#0 /home/thepsgmz/public_html/wp-content/plugins/fb-instant-articles/vendor/facebook/facebook-instant-articles-sdk-php/src/Facebook/InstantArticles/Validators/Type.php(70): Facebook\InstantArticles\Validators\Type::throwException(false, 'STRING')
#1 /home/thepsgmz/public_html/wp-content/plugins/fb-instant-articles/vendor/facebook/facebook-instant-articles-sdk-php/src/Facebook/InstantArticles/Validators/Type.php(39): Facebook\InstantArticles\Validators\Type::is(false, 'STRING', true)
#2 /home/thepsgmz/public_html/wp-content/plugins/fb-instant-articles/vendor/facebook/facebook-instant-articles-sdk-php/src/Facebook/InstantArticles/Elements/InstantArticle.php(133): Facebook\InstantArticles\Va in /home/thepsgmz/public_html/wp-content/plugins/fb-instant-articles/vendor/facebook/facebook-instant-articles-sdk-php/src/Facebook/InstantArticles/Validators/Type.php on line 183
[23-Aug-2020 07:11:34 UTC] PHP Fatal error:  Uncaught InvalidArgumentException: Method expects this value 
----[
bool(false)
]----
 to be one of the types 
====[
string(6) "STRING"
]==== in /home/thepsgmz/public_html/wp-content/plugins/fb-instant-articles/vendor/facebook/facebook-instant-articles-sdk-php/src/Facebook/InstantArticles/Validators/Type.php:183
Stack trace:
#0 /home/thepsgmz/public_html/wp-content/plugins/fb-instant-articles/vendor/facebook/facebook-instant-articles-sdk-php/src/Facebook/InstantArticles/Validators/Type.php(70): Facebook\InstantArticles\Validators\Type::throwException(false, 'STRING')
#1 /home/thepsgmz/public_html/wp-content/plugins/fb-instant-articles/vendor/facebook/facebook-instant-articles-sdk-php/src/Facebook/InstantArticles/Validators/Type.php(39): Facebook\InstantArticles\Validators\Type::is(false, 'STRING', true)
#2 /home/thepsgmz/public_html/wp-content/plugins/fb-instant-articles/vendor/facebook/facebook-instant-articles-sdk-php/src/Facebook/InstantArticles/Elements/InstantArticle.php(133): Facebook\InstantArticles\Va in /home/thepsgmz/public_html/wp-content/plugins/fb-instant-articles/vendor/facebook/facebook-instant-articles-sdk-php/src/Facebook/InstantArticles/Validators/Type.php on line 183
[23-Aug-2020 07:11:34 UTC] PHP Fatal error:  Uncaught InvalidArgumentException: Method expects this value 
----[
bool(false)
]----
 to be one of the types 
====[
string(6) "STRING"
]==== in /home/thepsgmz/public_html/wp-content/plugins/fb-instant-articles/vendor/facebook/facebook-instant-articles-sdk-php/src/Facebook/InstantArticles/Validators/Type.php:183
Stack trace:
#0 /home/thepsgmz/public_html/wp-content/plugins/fb-instant-articles/vendor/facebook/facebook-instant-articles-sdk-php/src/Facebook/InstantArticles/Validators/Type.php(70): Facebook\InstantArticles\Validators\Type::throwException(false, 'STRING')
#1 /home/thepsgmz/public_html/wp-content/plugins/fb-instant-articles/vendor/facebook/facebook-instant-articles-sdk-php/src/Facebook/InstantArticles/Validators/Type.php(39): Facebook\InstantArticles\Validators\Type::is(false, 'STRING', true)
#2 /home/thepsgmz/public_html/wp-content/plugins/fb-instant-articles/vendor/facebook/facebook-instant-articles-sdk-php/src/Facebook/InstantArticles/Elements/InstantArticle.php(133): Facebook\InstantArticles\Va in /home/thepsgmz/public_html/wp-content/plugins/fb-instant-articles/vendor/facebook/facebook-instant-articles-sdk-php/src/Facebook/InstantArticles/Validators/Type.php on line 183
[23-Aug-2020 07:11:36 UTC] PHP Fatal error:  Uncaught InvalidArgumentException: Method expects this value 
----[
bool(false)
]----
 to be one of the types 
====[
string(6) "STRING"
]==== in /home/thepsgmz/public_html/wp-content/plugins/fb-instant-articles/vendor/facebook/facebook-instant-articles-sdk-php/src/Facebook/InstantArticles/Validators/Type.php:183
Stack trace:
#0 /home/thepsgmz/public_html/wp-content/plugins/fb-instant-articles/vendor/facebook/facebook-instant-articles-sdk-php/src/Facebook/InstantArticles/Validators/Type.php(70): Facebook\InstantArticles\Validators\Type::throwException(false, 'STRING')
#1 /home/thepsgmz/public_html/wp-content/plugins/fb-instant-articles/vendor/facebook/facebook-instant-articles-sdk-php/src/Facebook/InstantArticles/Validators/Type.php(39): Facebook\InstantArticles\Validators\Type::is(false, 'STRING', true)
#2 /home/thepsgmz/public_html/wp-content/plugins/fb-instant-articles/vendor/facebook/facebook-instant-articles-sdk-php/src/Facebook/InstantArticles/Elements/InstantArticle.php(133): Facebook\InstantArticles\Va in /home/thepsgmz/public_html/wp-content/plugins/fb-instant-articles/vendor/facebook/facebook-instant-articles-sdk-php/src/Facebook/InstantArticles/Validators/Type.php on line 183
[23-Aug-2020 07:11:37 UTC] PHP Fatal error:  Uncaught InvalidArgumentException: Method expects this value 
----[
bool(false)
]----
 to be one of the types 
====[
string(6) "STRING"
]==== in /home/thepsgmz/public_html/wp-content/plugins/fb-instant-articles/vendor/facebook/facebook-instant-articles-sdk-php/src/Facebook/InstantArticles/Validators/Type.php:183
Stack trace:
#0 /home/thepsgmz/public_html/wp-content/plugins/fb-instant-articles/vendor/facebook/facebook-instant-articles-sdk-php/src/Facebook/InstantArticles/Validators/Type.php(70): Facebook\InstantArticles\Validators\Type::throwException(false, 'STRING')
#1 /home/thepsgmz/public_html/wp-content/plugins/fb-instant-articles/vendor/facebook/facebook-instant-articles-sdk-php/src/Facebook/InstantArticles/Validators/Type.php(39): Facebook\InstantArticles\Validators\Type::is(false, 'STRING', true)
#2 /home/thepsgmz/public_html/wp-content/plugins/fb-instant-articles/vendor/facebook/facebook-instant-articles-sdk-php/src/Facebook/InstantArticles/Elements/InstantArticle.php(133): Facebook\InstantArticles\Va in /home/thepsgmz/public_html/wp-content/plugins/fb-instant-articles/vendor/facebook/facebook-instant-articles-sdk-php/src/Facebook/InstantArticles/Validators/Type.php on line 183
[23-Aug-2020 07:11:37 UTC] PHP Fatal error:  Uncaught InvalidArgumentException: Method expects this value 
----[
bool(false)
]----
 to be one of the types 
====[
string(6) "STRING"
]==== in /home/thepsgmz/public_html/wp-content/plugins/fb-instant-articles/vendor/facebook/facebook-instant-articles-sdk-php/src/Facebook/InstantArticles/Validators/Type.php:183
Stack trace:
#0 /home/thepsgmz/public_html/wp-content/plugins/fb-instant-articles/vendor/facebook/facebook-instant-articles-sdk-php/src/Facebook/InstantArticles/Validators/Type.php(70): Facebook\InstantArticles\Validators\Type::throwException(false, 'STRING')
#1 /home/thepsgmz/public_html/wp-content/plugins/fb-instant-articles/vendor/facebook/facebook-instant-articles-sdk-php/src/Facebook/InstantArticles/Validators/Type.php(39): Facebook\InstantArticles\Validators\Type::is(false, 'STRING', true)
#2 /home/thepsgmz/public_html/wp-content/plugins/fb-instant-articles/vendor/facebook/facebook-instant-articles-sdk-php/src/Facebook/InstantArticles/Elements/InstantArticle.php(133): Facebook\InstantArticles\Va in /home/thepsgmz/public_html/wp-content/plugins/fb-instant-articles/vendor/facebook/facebook-instant-articles-sdk-php/src/Facebook/InstantArticles/Validators/Type.php on line 183
[23-Aug-2020 07:11:40 UTC] PHP Fatal error:  Uncaught InvalidArgumentException: Method expects this value 
----[
bool(false)
]----
 to be one of the types 
====[
string(6) "STRING"
]==== in /home/thepsgmz/public_html/wp-content/plugins/fb-instant-articles/vendor/facebook/facebook-instant-articles-sdk-php/src/Facebook/InstantArticles/Validators/Type.php:183
Stack trace:
#0 /home/thepsgmz/public_html/wp-content/plugins/fb-instant-articles/vendor/facebook/facebook-instant-articles-sdk-php/src/Facebook/InstantArticles/Validators/Type.php(70): Facebook\InstantArticles\Validators\Type::throwException(false, 'STRING')
#1 /home/thepsgmz/public_html/wp-content/plugins/fb-instant-articles/vendor/facebook/facebook-instant-articles-sdk-php/src/Facebook/InstantArticles/Validators/Type.php(39): Facebook\InstantArticles\Validators\Type::is(false, 'STRING', true)
#2 /home/thepsgmz/public_html/wp-content/plugins/fb-instant-articles/vendor/facebook/facebook-instant-articles-sdk-php/src/Facebook/InstantArticles/Elements/InstantArticle.php(133): Facebook\InstantArticles\Va in /home/thepsgmz/public_html/wp-content/plugins/fb-instant-articles/vendor/facebook/facebook-instant-articles-sdk-php/src/Facebook/InstantArticles/Validators/Type.php on line 183
[23-Aug-2020 07:11:41 UTC] PHP Fatal error:  Uncaught InvalidArgumentException: Method expects this value 
----[
bool(false)
]----
 to be one of the types 
====[
string(6) "STRING"
]==== in /home/thepsgmz/public_html/wp-content/plugins/fb-instant-articles/vendor/facebook/facebook-instant-articles-sdk-php/src/Facebook/InstantArticles/Validators/Type.php:183
Stack trace:
#0 /home/thepsgmz/public_html/wp-content/plugins/fb-instant-articles/vendor/facebook/facebook-instant-articles-sdk-php/src/Facebook/InstantArticles/Validators/Type.php(70): Facebook\InstantArticles\Validators\Type::throwException(false, 'STRING')
#1 /home/thepsgmz/public_html/wp-content/plugins/fb-instant-articles/vendor/facebook/facebook-instant-articles-sdk-php/src/Facebook/InstantArticles/Validators/Type.php(39): Facebook\InstantArticles\Validators\Type::is(false, 'STRING', true)
#2 /home/thepsgmz/public_html/wp-content/plugins/fb-instant-articles/vendor/facebook/facebook-instant-articles-sdk-php/src/Facebook/InstantArticles/Elements/InstantArticle.php(133): Facebook\InstantArticles\Va in /home/thepsgmz/public_html/wp-content/plugins/fb-instant-articles/vendor/facebook/facebook-instant-articles-sdk-php/src/Facebook/InstantArticles/Validators/Type.php on line 183
[23-Aug-2020 07:11:42 UTC] PHP Fatal error:  Uncaught InvalidArgumentException: Method expects this value 
----[
bool(false)
]----
 to be one of the types 
====[
string(6) "STRING"
]==== in /home/thepsgmz/public_html/wp-content/plugins/fb-instant-articles/vendor/facebook/facebook-instant-articles-sdk-php/src/Facebook/InstantArticles/Validators/Type.php:183
Stack trace:
#0 /home/thepsgmz/public_html/wp-content/plugins/fb-instant-articles/vendor/facebook/facebook-instant-articles-sdk-php/src/Facebook/InstantArticles/Validators/Type.php(70): Facebook\InstantArticles\Validators\Type::throwException(false, 'STRING')
#1 /home/thepsgmz/public_html/wp-content/plugins/fb-instant-articles/vendor/facebook/facebook-instant-articles-sdk-php/src/Facebook/InstantArticles/Validators/Type.php(39): Facebook\InstantArticles\Validators\Type::is(false, 'STRING', true)
#2 /home/thepsgmz/public_html/wp-content/plugins/fb-instant-articles/vendor/facebook/facebook-instant-articles-sdk-php/src/Facebook/InstantArticles/Elements/InstantArticle.php(133): Facebook\InstantArticles\Va in /home/thepsgmz/public_html/wp-content/plugins/fb-instant-articles/vendor/facebook/facebook-instant-articles-sdk-php/src/Facebook/InstantArticles/Validators/Type.php on line 183
[23-Aug-2020 07:11:44 UTC] PHP Fatal error:  Uncaught InvalidArgumentException: Method expects this value 
----[
bool(false)
]----
 to be one of the types 
====[
string(6) "STRING"
]==== in /home/thepsgmz/public_html/wp-content/plugins/fb-instant-articles/vendor/facebook/facebook-instant-articles-sdk-php/src/Facebook/InstantArticles/Validators/Type.php:183
Stack trace:
#0 /home/thepsgmz/public_html/wp-content/plugins/fb-instant-articles/vendor/facebook/facebook-instant-articles-sdk-php/src/Facebook/InstantArticles/Validators/Type.php(70): Facebook\InstantArticles\Validators\Type::throwException(false, 'STRING')
#1 /home/thepsgmz/public_html/wp-content/plugins/fb-instant-articles/vendor/facebook/facebook-instant-articles-sdk-php/src/Facebook/InstantArticles/Validators/Type.php(39): Facebook\InstantArticles\Validators\Type::is(false, 'STRING', true)
#2 /home/thepsgmz/public_html/wp-content/plugins/fb-instant-articles/vendor/facebook/facebook-instant-articles-sdk-php/src/Facebook/InstantArticles/Elements/InstantArticle.php(133): Facebook\InstantArticles\Va in /home/thepsgmz/public_html/wp-content/plugins/fb-instant-articles/vendor/facebook/facebook-instant-articles-sdk-php/src/Facebook/InstantArticles/Validators/Type.php on line 183
[23-Aug-2020 07:11:44 UTC] PHP Fatal error:  Uncaught InvalidArgumentException: Method expects this value 
----[
bool(false)
]----
 to be one of the types 
====[
string(6) "STRING"
]==== in /home/thepsgmz/public_html/wp-content/plugins/fb-instant-articles/vendor/facebook/facebook-instant-articles-sdk-php/src/Facebook/InstantArticles/Validators/Type.php:183
Stack trace:
#0 /home/thepsgmz/public_html/wp-content/plugins/fb-instant-articles/vendor/facebook/facebook-instant-articles-sdk-php/src/Facebook/InstantArticles/Validators/Type.php(70): Facebook\InstantArticles\Validators\Type::throwException(false, 'STRING')
#1 /home/thepsgmz/public_html/wp-content/plugins/fb-instant-articles/vendor/facebook/facebook-instant-articles-sdk-php/src/Facebook/InstantArticles/Validators/Type.php(39): Facebook\InstantArticles\Validators\Type::is(false, 'STRING', true)
#2 /home/thepsgmz/public_html/wp-content/plugins/fb-instant-articles/vendor/facebook/facebook-instant-articles-sdk-php/src/Facebook/InstantArticles/Elements/InstantArticle.php(133): Facebook\InstantArticles\Va in /home/thepsgmz/public_html/wp-content/plugins/fb-instant-articles/vendor/facebook/facebook-instant-articles-sdk-php/src/Facebook/InstantArticles/Validators/Type.php on line 183
[23-Aug-2020 07:11:45 UTC] PHP Fatal error:  Uncaught InvalidArgumentException: Method expects this value 
----[
bool(false)
]----
 to be one of the types 
====[
string(6) "STRING"
]==== in /home/thepsgmz/public_html/wp-content/plugins/fb-instant-articles/vendor/facebook/facebook-instant-articles-sdk-php/src/Facebook/InstantArticles/Validators/Type.php:183
Stack trace:
#0 /home/thepsgmz/public_html/wp-content/plugins/fb-instant-articles/vendor/facebook/facebook-instant-articles-sdk-php/src/Facebook/InstantArticles/Validators/Type.php(70): Facebook\InstantArticles\Validators\Type::throwException(false, 'STRING')
#1 /home/thepsgmz/public_html/wp-content/plugins/fb-instant-articles/vendor/facebook/facebook-instant-articles-sdk-php/src/Facebook/InstantArticles/Validators/Type.php(39): Facebook\InstantArticles\Validators\Type::is(false, 'STRING', true)
#2 /home/thepsgmz/public_html/wp-content/plugins/fb-instant-articles/vendor/facebook/facebook-instant-articles-sdk-php/src/Facebook/InstantArticles/Elements/InstantArticle.php(133): Facebook\InstantArticles\Va in /home/thepsgmz/public_html/wp-content/plugins/fb-instant-articles/vendor/facebook/facebook-instant-articles-sdk-php/src/Facebook/InstantArticles/Validators/Type.php on line 183
[23-Aug-2020 07:11:45 UTC] PHP Fatal error:  Uncaught InvalidArgumentException: Method expects this value 
----[
bool(false)
]----
 to be one of the types 
====[
string(6) "STRING"
]==== in /home/thepsgmz/public_html/wp-content/plugins/fb-instant-articles/vendor/facebook/facebook-instant-articles-sdk-php/src/Facebook/InstantArticles/Validators/Type.php:183
Stack trace:
#0 /home/thepsgmz/public_html/wp-content/plugins/fb-instant-articles/vendor/facebook/facebook-instant-articles-sdk-php/src/Facebook/InstantArticles/Validators/Type.php(70): Facebook\InstantArticles\Validators\Type::throwException(false, 'STRING')
#1 /home/thepsgmz/public_html/wp-content/plugins/fb-instant-articles/vendor/facebook/facebook-instant-articles-sdk-php/src/Facebook/InstantArticles/Validators/Type.php(39): Facebook\InstantArticles\Validators\Type::is(false, 'STRING', true)
#2 /home/thepsgmz/public_html/wp-content/plugins/fb-instant-articles/vendor/facebook/facebook-instant-articles-sdk-php/src/Facebook/InstantArticles/Elements/InstantArticle.php(133): Facebook\InstantArticles\Va in /home/thepsgmz/public_html/wp-content/plugins/fb-instant-articles/vendor/facebook/facebook-instant-articles-sdk-php/src/Facebook/InstantArticles/Validators/Type.php on line 183
[23-Aug-2020 07:11:46 UTC] PHP Fatal error:  Uncaught InvalidArgumentException: Method expects this value 
----[
bool(false)
]----
 to be one of the types 
====[
string(6) "STRING"
]==== in /home/thepsgmz/public_html/wp-content/plugins/fb-instant-articles/vendor/facebook/facebook-instant-articles-sdk-php/src/Facebook/InstantArticles/Validators/Type.php:183
Stack trace:
#0 /home/thepsgmz/public_html/wp-content/plugins/fb-instant-articles/vendor/facebook/facebook-instant-articles-sdk-php/src/Facebook/InstantArticles/Validators/Type.php(70): Facebook\InstantArticles\Validators\Type::throwException(false, 'STRING')
#1 /home/thepsgmz/public_html/wp-content/plugins/fb-instant-articles/vendor/facebook/facebook-instant-articles-sdk-php/src/Facebook/InstantArticles/Validators/Type.php(39): Facebook\InstantArticles\Validators\Type::is(false, 'STRING', true)
#2 /home/thepsgmz/public_html/wp-content/plugins/fb-instant-articles/vendor/facebook/facebook-instant-articles-sdk-php/src/Facebook/InstantArticles/Elements/InstantArticle.php(133): Facebook\InstantArticles\Va in /home/thepsgmz/public_html/wp-content/plugins/fb-instant-articles/vendor/facebook/facebook-instant-articles-sdk-php/src/Facebook/InstantArticles/Validators/Type.php on line 183
[23-Aug-2020 07:11:46 UTC] PHP Fatal error:  Uncaught InvalidArgumentException: Method expects this value 
----[
bool(false)
]----
 to be one of the types 
====[
string(6) "STRING"
]==== in /home/thepsgmz/public_html/wp-content/plugins/fb-instant-articles/vendor/facebook/facebook-instant-articles-sdk-php/src/Facebook/InstantArticles/Validators/Type.php:183
Stack trace:
#0 /home/thepsgmz/public_html/wp-content/plugins/fb-instant-articles/vendor/facebook/facebook-instant-articles-sdk-php/src/Facebook/InstantArticles/Validators/Type.php(70): Facebook\InstantArticles\Validators\Type::throwException(false, 'STRING')
#1 /home/thepsgmz/public_html/wp-content/plugins/fb-instant-articles/vendor/facebook/facebook-instant-articles-sdk-php/src/Facebook/InstantArticles/Validators/Type.php(39): Facebook\InstantArticles\Validators\Type::is(false, 'STRING', true)
#2 /home/thepsgmz/public_html/wp-content/plugins/fb-instant-articles/vendor/facebook/facebook-instant-articles-sdk-php/src/Facebook/InstantArticles/Elements/InstantArticle.php(133): Facebook\InstantArticles\Va in /home/thepsgmz/public_html/wp-content/plugins/fb-instant-articles/vendor/facebook/facebook-instant-articles-sdk-php/src/Facebook/InstantArticles/Validators/Type.php on line 183
[17-Dec-2020 20:39:00 UTC] PHP Parse error:  syntax error, unexpected '<', expecting end of file in /home/thepsgmz/public_html/wp-content/themes/cryptocurrency-exchange/single.php on line 10
[17-Dec-2020 20:39:04 UTC] PHP Parse error:  syntax error, unexpected '<', expecting end of file in /home/thepsgmz/public_html/wp-content/themes/cryptocurrency-exchange/single.php on line 10
[17-Dec-2020 20:39:57 UTC] PHP Parse error:  syntax error, unexpected '<', expecting end of file in /home/thepsgmz/public_html/wp-content/themes/cryptocurrency-exchange/single.php on line 10
[17-Dec-2020 20:40:44 UTC] PHP Parse error:  syntax error, unexpected '<', expecting end of file in /home/thepsgmz/public_html/wp-content/themes/cryptocurrency-exchange/single.php on line 10
[17-Dec-2020 20:40:58 UTC] PHP Parse error:  syntax error, unexpected '<', expecting end of file in /home/thepsgmz/public_html/wp-content/themes/cryptocurrency-exchange/single.php on line 10
[17-Dec-2020 21:02:39 UTC] PHP Parse error:  syntax error, unexpected '<', expecting end of file in /home/thepsgmz/public_html/wp-content/themes/cryptocurrency-exchange/single.php on line 10
[17-Dec-2020 21:03:05 UTC] PHP Parse error:  syntax error, unexpected '<', expecting end of file in /home/thepsgmz/public_html/wp-content/themes/cryptocurrency-exchange/single.php on line 10
[17-Dec-2020 21:06:43 UTC] PHP Parse error:  syntax error, unexpected '<', expecting end of file in /home/thepsgmz/public_html/wp-content/themes/cryptocurrency-exchange/single.php on line 10
[17-Dec-2020 21:11:52 UTC] PHP Parse error:  syntax error, unexpected '<', expecting end of file in /home/thepsgmz/public_html/wp-content/themes/cryptocurrency-exchange/single.php on line 10
[17-Dec-2020 21:11:58 UTC] PHP Parse error:  syntax error, unexpected '<', expecting end of file in /home/thepsgmz/public_html/wp-content/themes/cryptocurrency-exchange/single.php on line 10
[17-Dec-2020 21:14:03 UTC] PHP Parse error:  syntax error, unexpected '*', expecting end of file in /home/thepsgmz/public_html/wp-content/themes/cryptocurrency-exchange/single.php on line 8
